<?xml version="1.0" encoding="UTF-8"?>
<testng-results skipped="0" failed="0" ignored="0" total="0" passed="0">
  <reporter-output>
  </reporter-output>
  <suite name="ba.navigator.testing.AppTest" duration-ms="7" started-at="2018-02-03T16:14:44Z" finished-at="2018-02-03T16:14:44Z">
    <groups>
    </groups>
    <test name="Command line test" duration-ms="7" started-at="2018-02-03T16:14:44Z" finished-at="2018-02-03T16:14:44Z">
    </test> <!-- Command line test -->
  </suite> <!-- ba.navigator.testing.AppTest -->
</testng-results>
