<?xml version="1.0" encoding="UTF-8"?>
<testng-results skipped="0" failed="1" ignored="0" total="5" passed="4">
  <reporter-output>
  </reporter-output>
  <suite name="SmokeSuite" duration-ms="35721" started-at="2018-02-13T15:11:37Z" finished-at="2018-02-13T15:12:12Z">
    <groups>
    </groups>
    <test name="SmokeTest" duration-ms="35721" started-at="2018-02-13T15:11:37Z" finished-at="2018-02-13T15:12:12Z">
      <class name="ba.navigator.testing.SmokeTest">
        <test-method status="PASS" signature="beforeSuite()[pri:0, instance:ba.navigator.testing.SmokeTest@77caeb3e]" name="beforeSuite" is-config="true" duration-ms="20" started-at="2018-02-13T16:11:37Z" finished-at="2018-02-13T16:11:37Z">
          <reporter-output>
          </reporter-output>
        </test-method> <!-- beforeSuite -->
        <test-method status="PASS" signature="beforeTest()[pri:0, instance:ba.navigator.testing.SmokeTest@77caeb3e]" name="beforeTest" is-config="true" duration-ms="25951" started-at="2018-02-13T16:11:37Z" finished-at="2018-02-13T16:12:03Z">
          <reporter-output>
          </reporter-output>
        </test-method> <!-- beforeTest -->
        <test-method status="PASS" signature="ChooseCategory()[pri:0, instance:ba.navigator.testing.SmokeTest@77caeb3e]" name="ChooseCategory" duration-ms="2258" started-at="2018-02-13T16:12:03Z" finished-at="2018-02-13T16:12:05Z">
          <reporter-output>
          </reporter-output>
        </test-method> <!-- ChooseCategory -->
        <test-method status="PASS" signature="ChoosePlaceFromList()[pri:0, instance:ba.navigator.testing.SmokeTest@77caeb3e]" name="ChoosePlaceFromList" duration-ms="250" started-at="2018-02-13T16:12:05Z" finished-at="2018-02-13T16:12:05Z">
          <reporter-output>
          </reporter-output>
        </test-method> <!-- ChoosePlaceFromList -->
        <test-method status="FAIL" signature="CreateNewPlace()[pri:0, instance:ba.navigator.testing.SmokeTest@77caeb3e]" name="CreateNewPlace" duration-ms="3106" started-at="2018-02-13T16:12:05Z" finished-at="2018-02-13T16:12:08Z">
          <exception class="org.openqa.selenium.ElementNotVisibleException">
            <message>
              <![CDATA[element not visible  (Session info: chrome=64.0.3282.119)  (Driver info: chromedriver=2.35.528139 (47ead77cb35ad2a9a83248b292151462a66cd881),platform=Linux 4.13.0-32-generic x86_64) (WARNING: The server did not provide any stacktrace information)Command duration or timeout: 0 millisecondsBuild info: version: '3.8.1', revision: '6e95a6684b', time: '2017-12-01T18:33:54.468Z'System info: host: 'latitude', ip: '127.0.1.1', os.name: 'Linux', os.arch: 'amd64', os.version: '4.13.0-32-generic', java.version: '1.8.0_151'Driver info: org.openqa.selenium.chrome.ChromeDriverCapabilities {acceptInsecureCerts: false, acceptSslCerts: false, applicationCacheEnabled: false, browserConnectionEnabled: false, browserName: chrome, chrome: {chromedriverVersion: 2.35.528139 (47ead77cb35ad2..., userDataDir: /tmp/.org.chromium.Chromium...}, cssSelectorsEnabled: true, databaseEnabled: false, handlesAlerts: true, hasTouchScreen: false, javascriptEnabled: true, locationContextEnabled: true, mobileEmulationEnabled: false, nativeEvents: true, networkConnectionEnabled: false, pageLoadStrategy: normal, platform: LINUX, platformName: LINUX, rotatable: false, setWindowRect: true, takesHeapSnapshot: true, takesScreenshot: true, unexpectedAlertBehaviour: , unhandledPromptBehavior: , version: 64.0.3282.119, webStorageEnabled: true}Session ID: 56d27f404ef60a94942bde3f2dcaf790]]>
            </message>
            <full-stacktrace>
              <![CDATA[org.openqa.selenium.ElementNotVisibleException: element not visible  (Session info: chrome=64.0.3282.119)  (Driver info: chromedriver=2.35.528139 (47ead77cb35ad2a9a83248b292151462a66cd881),platform=Linux 4.13.0-32-generic x86_64) (WARNING: The server did not provide any stacktrace information)Command duration or timeout: 0 millisecondsBuild info: version: '3.8.1', revision: '6e95a6684b', time: '2017-12-01T18:33:54.468Z'System info: host: 'latitude', ip: '127.0.1.1', os.name: 'Linux', os.arch: 'amd64', os.version: '4.13.0-32-generic', java.version: '1.8.0_151'Driver info: org.openqa.selenium.chrome.ChromeDriverCapabilities {acceptInsecureCerts: false, acceptSslCerts: false, applicationCacheEnabled: false, browserConnectionEnabled: false, browserName: chrome, chrome: {chromedriverVersion: 2.35.528139 (47ead77cb35ad2..., userDataDir: /tmp/.org.chromium.Chromium...}, cssSelectorsEnabled: true, databaseEnabled: false, handlesAlerts: true, hasTouchScreen: false, javascriptEnabled: true, locationContextEnabled: true, mobileEmulationEnabled: false, nativeEvents: true, networkConnectionEnabled: false, pageLoadStrategy: normal, platform: LINUX, platformName: LINUX, rotatable: false, setWindowRect: true, takesHeapSnapshot: true, takesScreenshot: true, unexpectedAlertBehaviour: , unhandledPromptBehavior: , version: 64.0.3282.119, webStorageEnabled: true}Session ID: 56d27f404ef60a94942bde3f2dcaf790at sun.reflect.NativeConstructorAccessorImpl.newInstance0(Native Method)at sun.reflect.NativeConstructorAccessorImpl.newInstance(NativeConstructorAccessorImpl.java:62)at sun.reflect.DelegatingConstructorAccessorImpl.newInstance(DelegatingConstructorAccessorImpl.java:45)at java.lang.reflect.Constructor.newInstance(Constructor.java:423)at org.openqa.selenium.remote.ErrorHandler.createThrowable(ErrorHandler.java:214)at org.openqa.selenium.remote.ErrorHandler.throwIfResponseFailed(ErrorHandler.java:166)at org.openqa.selenium.remote.http.JsonHttpResponseCodec.reconstructValue(JsonHttpResponseCodec.java:40)at org.openqa.selenium.remote.http.AbstractHttpResponseCodec.decode(AbstractHttpResponseCodec.java:80)at org.openqa.selenium.remote.http.AbstractHttpResponseCodec.decode(AbstractHttpResponseCodec.java:44)at org.openqa.selenium.remote.HttpCommandExecutor.execute(HttpCommandExecutor.java:164)at org.openqa.selenium.remote.service.DriverCommandExecutor.execute(DriverCommandExecutor.java:83)at org.openqa.selenium.remote.RemoteWebDriver.execute(RemoteWebDriver.java:601)at org.openqa.selenium.remote.RemoteWebElement.execute(RemoteWebElement.java:279)at org.openqa.selenium.remote.RemoteWebElement.click(RemoteWebElement.java:83)at ba.navigator.testing.SmokeTest.CreateNewPlace(SmokeTest.java:110)at sun.reflect.NativeMethodAccessorImpl.invoke0(Native Method)at sun.reflect.NativeMethodAccessorImpl.invoke(NativeMethodAccessorImpl.java:62)at sun.reflect.DelegatingMethodAccessorImpl.invoke(DelegatingMethodAccessorImpl.java:43)at java.lang.reflect.Method.invoke(Method.java:498)at org.testng.internal.MethodInvocationHelper.invokeMethod(MethodInvocationHelper.java:124)at org.testng.internal.Invoker.invokeMethod(Invoker.java:571)at org.testng.internal.Invoker.invokeTestMethod(Invoker.java:707)at org.testng.internal.Invoker.invokeTestMethods(Invoker.java:979)at org.testng.internal.TestMethodWorker.invokeTestMethods(TestMethodWorker.java:125)at org.testng.internal.TestMethodWorker.run(TestMethodWorker.java:109)at org.testng.TestRunner.privateRun(TestRunner.java:648)at org.testng.TestRunner.run(TestRunner.java:505)at org.testng.SuiteRunner.runTest(SuiteRunner.java:455)at org.testng.SuiteRunner.runSequentially(SuiteRunner.java:450)at org.testng.SuiteRunner.privateRun(SuiteRunner.java:415)at org.testng.SuiteRunner.run(SuiteRunner.java:364)at org.testng.SuiteRunnerWorker.runSuite(SuiteRunnerWorker.java:52)at org.testng.SuiteRunnerWorker.run(SuiteRunnerWorker.java:84)at org.testng.TestNG.runSuitesSequentially(TestNG.java:1187)at org.testng.TestNG.runSuitesLocally(TestNG.java:1116)at org.testng.TestNG.runSuites(TestNG.java:1028)at org.testng.TestNG.run(TestNG.java:996)at org.testng.remote.AbstractRemoteTestNG.run(AbstractRemoteTestNG.java:114)at org.testng.remote.RemoteTestNG.initAndRun(RemoteTestNG.java:251)at org.testng.remote.RemoteTestNG.main(RemoteTestNG.java:77)]]>
            </full-stacktrace>
          </exception> <!-- org.openqa.selenium.ElementNotVisibleException -->
          <reporter-output>
          </reporter-output>
        </test-method> <!-- CreateNewPlace -->
        <test-method status="PASS" signature="Suggestion()[pri:0, instance:ba.navigator.testing.SmokeTest@77caeb3e]" name="Suggestion" duration-ms="673" started-at="2018-02-13T16:12:08Z" finished-at="2018-02-13T16:12:09Z">
          <reporter-output>
          </reporter-output>
        </test-method> <!-- Suggestion -->
        <test-method status="PASS" signature="MapTest()[pri:0, instance:ba.navigator.testing.SmokeTest@77caeb3e]" name="MapTest" duration-ms="3444" started-at="2018-02-13T16:12:09Z" finished-at="2018-02-13T16:12:12Z">
          <reporter-output>
          </reporter-output>
        </test-method> <!-- MapTest -->
        <test-method status="PASS" signature="afterTest()[pri:0, instance:ba.navigator.testing.SmokeTest@77caeb3e]" name="afterTest" is-config="true" duration-ms="1" started-at="2018-02-13T16:12:12Z" finished-at="2018-02-13T16:12:12Z">
          <reporter-output>
          </reporter-output>
        </test-method> <!-- afterTest -->
        <test-method status="PASS" signature="afterSuite()[pri:0, instance:ba.navigator.testing.SmokeTest@77caeb3e]" name="afterSuite" is-config="true" duration-ms="171" started-at="2018-02-13T16:12:12Z" finished-at="2018-02-13T16:12:13Z">
          <reporter-output>
          </reporter-output>
        </test-method> <!-- afterSuite -->
      </class> <!-- ba.navigator.testing.SmokeTest -->
    </test> <!-- SmokeTest -->
  </suite> <!-- SmokeSuite -->
</testng-results>
